<?xml version="1.0" encoding="utf-8"?><testsuites name="pytest tests"><testsuite name="pytest" errors="0" failures="0" skipped="0" tests="8" time="22.283" timestamp="2026-03-06T17:35:00.285691+00:00" hostname="agent-env-5bdd0132-9dd8-4fc6-8705-df8659893163"><testcase classname="backend.tests.test_keysense.TestHealthEndpoints" name="test_root_api" time="0.207" /><testcase classname="backend.tests.test_keysense.TestHealthEndpoints" name="test_library_empty_or_list" time="0.187" /><testcase classname="backend.tests.test_keysense.TestAnalyzeEndpoint" name="test_analyze_wav" time="19.758" /><testcase classname="backend.tests.test_keysense.TestAnalyzeEndpoint" name="test_analyze_invalid_format" time="1.136" /><testcase classname="backend.tests.test_keysense.TestAnalyzeEndpoint" name="test_library_has_track_after_analysis" time="0.191" /><testcase classname="backend.tests.test_keysense.TestAnalyzeEndpoint" name="test_export_track" time="0.155" /><testcase classname="backend.tests.test_keysense.TestAnalyzeEndpoint" name="test_delete_track" time="0.288" /><testcase classname="backend.tests.test_keysense.TestAnalyzeEndpoint" name="test_delete_nonexistent_track" time="0.136" /></testsuite></testsuites>